{"C:\\Users\\celin\\OneDrive\\Documents\\Ynov\\M1\\CICD\\ci-cd-app\\ci-cd-app\\src\\App.jsx": {"path":"C:\\Users\\celin\\OneDrive\\Documents\\Ynov\\M1\\CICD\\ci-cd-app\\ci-cd-app\\src\\App.jsx","all":false,"statementMap":{"0":{"start":{"line":1,"column":0},"end":{"line":1,"column":39}},"1":{"start":{"line":2,"column":0},"end":{"line":2,"column":42}},"2":{"start":{"line":3,"column":0},"end":{"line":3,"column":40}},"3":{"start":{"line":4,"column":0},"end":{"line":4,"column":39}},"4":{"start":{"line":5,"column":0},"end":{"line":5,"column":60}},"5":{"start":{"line":6,"column":0},"end":{"line":6,"column":18}},"6":{"start":{"line":7,"column":0},"end":{"line":7,"column":0}},"7":{"start":{"line":8,"column":0},"end":{"line":8,"column":16}},"8":{"start":{"line":9,"column":0},"end":{"line":9,"column":39}},"9":{"start":{"line":10,"column":0},"end":{"line":10,"column":49}},"10":{"start":{"line":11,"column":0},"end":{"line":11,"column":0}},"11":{"start":{"line":12,"column":0},"end":{"line":12,"column":27}},"12":{"start":{"line":13,"column":0},"end":{"line":13,"column":23}},"13":{"start":{"line":14,"column":0},"end":{"line":14,"column":3}},"14":{"start":{"line":15,"column":0},"end":{"line":15,"column":0}},"15":{"start":{"line":16,"column":0},"end":{"line":16,"column":10}},"16":{"start":{"line":17,"column":0},"end":{"line":17,"column":6}},"17":{"start":{"line":18,"column":0},"end":{"line":18,"column":27}},"18":{"start":{"line":19,"column":0},"end":{"line":19,"column":30}},"19":{"start":{"line":20,"column":0},"end":{"line":20,"column":80}},"20":{"start":{"line":21,"column":0},"end":{"line":21,"column":72}},"21":{"start":{"line":22,"column":0},"end":{"line":22,"column":65}},"22":{"start":{"line":23,"column":0},"end":{"line":23,"column":14}},"23":{"start":{"line":24,"column":0},"end":{"line":24,"column":13}},"24":{"start":{"line":25,"column":0},"end":{"line":25,"column":30}},"25":{"start":{"line":26,"column":0},"end":{"line":26,"column":13}},"26":{"start":{"line":27,"column":0},"end":{"line":27,"column":75}},"27":{"start":{"line":28,"column":0},"end":{"line":28,"column":14}},"28":{"start":{"line":29,"column":0},"end":{"line":29,"column":14}},"29":{"start":{"line":30,"column":0},"end":{"line":30,"column":36}},"30":{"start":{"line":31,"column":0},"end":{"line":31,"column":18}},"31":{"start":{"line":32,"column":0},"end":{"line":32,"column":17}},"32":{"start":{"line":33,"column":0},"end":{"line":33,"column":48}},"33":{"start":{"line":34,"column":0},"end":{"line":34,"column":8}},"34":{"start":{"line":35,"column":0},"end":{"line":35,"column":16}},"35":{"start":{"line":36,"column":0},"end":{"line":36,"column":48}},"36":{"start":{"line":37,"column":0},"end":{"line":37,"column":81}},"37":{"start":{"line":38,"column":0},"end":{"line":38,"column":9}},"38":{"start":{"line":39,"column":0},"end":{"line":39,"column":61}},"39":{"start":{"line":40,"column":0},"end":{"line":40,"column":17}},"40":{"start":{"line":41,"column":0},"end":{"line":41,"column":16}},"41":{"start":{"line":42,"column":0},"end":{"line":42,"column":0}},"42":{"start":{"line":43,"column":0},"end":{"line":43,"column":35}},"43":{"start":{"line":44,"column":0},"end":{"line":44,"column":0}},"44":{"start":{"line":45,"column":0},"end":{"line":45,"column":40}},"45":{"start":{"line":46,"column":0},"end":{"line":46,"column":0}},"46":{"start":{"line":47,"column":0},"end":{"line":47,"column":35}},"47":{"start":{"line":48,"column":0},"end":{"line":48,"column":0}},"48":{"start":{"line":49,"column":0},"end":{"line":49,"column":31}},"49":{"start":{"line":50,"column":0},"end":{"line":50,"column":23}},"50":{"start":{"line":51,"column":0},"end":{"line":51,"column":71}},"51":{"start":{"line":52,"column":0},"end":{"line":52,"column":60}},"52":{"start":{"line":53,"column":0},"end":{"line":53,"column":16}},"53":{"start":{"line":54,"column":0},"end":{"line":54,"column":32}},"54":{"start":{"line":55,"column":0},"end":{"line":55,"column":41}},"55":{"start":{"line":56,"column":0},"end":{"line":56,"column":14}},"56":{"start":{"line":57,"column":0},"end":{"line":57,"column":16}},"57":{"start":{"line":58,"column":0},"end":{"line":58,"column":58}},"58":{"start":{"line":59,"column":0},"end":{"line":59,"column":62}},"59":{"start":{"line":60,"column":0},"end":{"line":60,"column":28}},"60":{"start":{"line":61,"column":0},"end":{"line":61,"column":18}},"61":{"start":{"line":62,"column":0},"end":{"line":62,"column":17}},"62":{"start":{"line":63,"column":0},"end":{"line":63,"column":16}},"63":{"start":{"line":64,"column":0},"end":{"line":64,"column":59}},"64":{"start":{"line":65,"column":0},"end":{"line":65,"column":70}},"65":{"start":{"line":66,"column":0},"end":{"line":66,"column":26}},"66":{"start":{"line":67,"column":0},"end":{"line":67,"column":18}},"67":{"start":{"line":68,"column":0},"end":{"line":68,"column":17}},"68":{"start":{"line":69,"column":0},"end":{"line":69,"column":15}},"69":{"start":{"line":70,"column":0},"end":{"line":70,"column":14}},"70":{"start":{"line":71,"column":0},"end":{"line":71,"column":25}},"71":{"start":{"line":72,"column":0},"end":{"line":72,"column":71}},"72":{"start":{"line":73,"column":0},"end":{"line":73,"column":53}},"73":{"start":{"line":74,"column":0},"end":{"line":74,"column":16}},"74":{"start":{"line":75,"column":0},"end":{"line":75,"column":34}},"75":{"start":{"line":76,"column":0},"end":{"line":76,"column":40}},"76":{"start":{"line":77,"column":0},"end":{"line":77,"column":14}},"77":{"start":{"line":78,"column":0},"end":{"line":78,"column":16}},"78":{"start":{"line":79,"column":0},"end":{"line":79,"column":71}},"79":{"start":{"line":80,"column":0},"end":{"line":80,"column":20}},"80":{"start":{"line":81,"column":0},"end":{"line":81,"column":41}},"81":{"start":{"line":82,"column":0},"end":{"line":82,"column":37}},"82":{"start":{"line":83,"column":0},"end":{"line":83,"column":36}},"83":{"start":{"line":84,"column":0},"end":{"line":84,"column":17}},"84":{"start":{"line":85,"column":0},"end":{"line":85,"column":59}},"85":{"start":{"line":86,"column":0},"end":{"line":86,"column":22}},"86":{"start":{"line":87,"column":0},"end":{"line":87,"column":22}},"87":{"start":{"line":88,"column":0},"end":{"line":88,"column":18}},"88":{"start":{"line":89,"column":0},"end":{"line":89,"column":17}},"89":{"start":{"line":90,"column":0},"end":{"line":90,"column":16}},"90":{"start":{"line":91,"column":0},"end":{"line":91,"column":63}},"91":{"start":{"line":92,"column":0},"end":{"line":92,"column":20}},"92":{"start":{"line":93,"column":0},"end":{"line":93,"column":41}},"93":{"start":{"line":94,"column":0},"end":{"line":94,"column":37}},"94":{"start":{"line":95,"column":0},"end":{"line":95,"column":36}},"95":{"start":{"line":96,"column":0},"end":{"line":96,"column":17}},"96":{"start":{"line":97,"column":0},"end":{"line":97,"column":60}},"97":{"start":{"line":98,"column":0},"end":{"line":98,"column":22}},"98":{"start":{"line":99,"column":0},"end":{"line":99,"column":23}},"99":{"start":{"line":100,"column":0},"end":{"line":100,"column":18}},"100":{"start":{"line":101,"column":0},"end":{"line":101,"column":17}},"101":{"start":{"line":102,"column":0},"end":{"line":102,"column":16}},"102":{"start":{"line":103,"column":0},"end":{"line":103,"column":62}},"103":{"start":{"line":104,"column":0},"end":{"line":104,"column":20}},"104":{"start":{"line":105,"column":0},"end":{"line":105,"column":41}},"105":{"start":{"line":106,"column":0},"end":{"line":106,"column":37}},"106":{"start":{"line":107,"column":0},"end":{"line":107,"column":36}},"107":{"start":{"line":108,"column":0},"end":{"line":108,"column":17}},"108":{"start":{"line":109,"column":0},"end":{"line":109,"column":54}},"109":{"start":{"line":110,"column":0},"end":{"line":110,"column":22}},"110":{"start":{"line":111,"column":0},"end":{"line":111,"column":21}},"111":{"start":{"line":112,"column":0},"end":{"line":112,"column":18}},"112":{"start":{"line":113,"column":0},"end":{"line":113,"column":17}},"113":{"start":{"line":114,"column":0},"end":{"line":114,"column":16}},"114":{"start":{"line":115,"column":0},"end":{"line":115,"column":74}},"115":{"start":{"line":116,"column":0},"end":{"line":116,"column":20}},"116":{"start":{"line":117,"column":0},"end":{"line":117,"column":41}},"117":{"start":{"line":118,"column":0},"end":{"line":118,"column":37}},"118":{"start":{"line":119,"column":0},"end":{"line":119,"column":36}},"119":{"start":{"line":120,"column":0},"end":{"line":120,"column":17}},"120":{"start":{"line":121,"column":0},"end":{"line":121,"column":60}},"121":{"start":{"line":122,"column":0},"end":{"line":122,"column":22}},"122":{"start":{"line":123,"column":0},"end":{"line":123,"column":23}},"123":{"start":{"line":124,"column":0},"end":{"line":124,"column":18}},"124":{"start":{"line":125,"column":0},"end":{"line":125,"column":17}},"125":{"start":{"line":126,"column":0},"end":{"line":126,"column":15}},"126":{"start":{"line":127,"column":0},"end":{"line":127,"column":14}},"127":{"start":{"line":128,"column":0},"end":{"line":128,"column":16}},"128":{"start":{"line":129,"column":0},"end":{"line":129,"column":0}},"129":{"start":{"line":130,"column":0},"end":{"line":130,"column":35}},"130":{"start":{"line":131,"column":0},"end":{"line":131,"column":37}},"131":{"start":{"line":132,"column":0},"end":{"line":132,"column":7}},"132":{"start":{"line":133,"column":0},"end":{"line":133,"column":3}},"133":{"start":{"line":134,"column":0},"end":{"line":134,"column":1}},"134":{"start":{"line":135,"column":0},"end":{"line":135,"column":0}},"135":{"start":{"line":136,"column":0},"end":{"line":136,"column":18}}},"s":{"0":1,"1":1,"2":1,"3":1,"4":1,"5":1,"6":1,"7":13,"8":13,"9":13,"10":13,"11":13,"12":6,"13":6,"14":13,"15":13,"16":13,"17":13,"18":13,"19":13,"20":13,"21":13,"22":13,"23":13,"24":13,"25":13,"26":13,"27":13,"28":13,"29":13,"30":13,"31":13,"32":13,"33":13,"34":13,"35":13,"36":13,"37":13,"38":13,"39":13,"40":13,"41":13,"42":13,"43":13,"44":13,"45":13,"46":13,"47":13,"48":13,"49":13,"50":13,"51":13,"52":13,"53":13,"54":13,"55":13,"56":13,"57":13,"58":13,"59":13,"60":13,"61":13,"62":13,"63":13,"64":13,"65":13,"66":13,"67":13,"68":13,"69":13,"70":13,"71":13,"72":13,"73":13,"74":13,"75":13,"76":13,"77":13,"78":13,"79":13,"80":13,"81":13,"82":13,"83":13,"84":13,"85":13,"86":13,"87":13,"88":13,"89":13,"90":13,"91":13,"92":13,"93":13,"94":13,"95":13,"96":13,"97":13,"98":13,"99":13,"100":13,"101":13,"102":13,"103":13,"104":13,"105":13,"106":13,"107":13,"108":13,"109":13,"110":13,"111":13,"112":13,"113":13,"114":13,"115":13,"116":13,"117":13,"118":13,"119":13,"120":13,"121":13,"122":13,"123":13,"124":13,"125":13,"126":13,"127":13,"128":13,"129":13,"130":13,"131":13,"132":13,"133":13,"134":1,"135":1},"branchMap":{"0":{"type":"branch","line":8,"loc":{"start":{"line":8,"column":0},"end":{"line":134,"column":1}},"locations":[{"start":{"line":8,"column":0},"end":{"line":134,"column":1}}]},"1":{"type":"branch","line":39,"loc":{"start":{"line":39,"column":11},"end":{"line":39,"column":36}},"locations":[{"start":{"line":39,"column":11},"end":{"line":39,"column":36}}]},"2":{"type":"branch","line":39,"loc":{"start":{"line":39,"column":22},"end":{"line":39,"column":61}},"locations":[{"start":{"line":39,"column":22},"end":{"line":39,"column":61}}]},"3":{"type":"branch","line":45,"loc":{"start":{"line":45,"column":7},"end":{"line":45,"column":40}},"locations":[{"start":{"line":45,"column":7},"end":{"line":45,"column":40}}]},"4":{"type":"branch","line":12,"loc":{"start":{"line":12,"column":20},"end":{"line":14,"column":3}},"locations":[{"start":{"line":12,"column":20},"end":{"line":14,"column":3}}]},"5":{"type":"branch","line":36,"loc":{"start":{"line":36,"column":19},"end":{"line":36,"column":48}},"locations":[{"start":{"line":36,"column":19},"end":{"line":36,"column":48}}]}},"b":{"0":[13],"1":[1],"2":[12],"3":[1],"4":[6],"5":[2]},"fnMap":{"0":{"name":"App","decl":{"start":{"line":8,"column":0},"end":{"line":134,"column":1}},"loc":{"start":{"line":8,"column":0},"end":{"line":134,"column":1}},"line":8},"1":{"name":"clickOnMe","decl":{"start":{"line":12,"column":20},"end":{"line":14,"column":3}},"loc":{"start":{"line":12,"column":20},"end":{"line":14,"column":3}},"line":12},"2":{"name":"onClick","decl":{"start":{"line":36,"column":19},"end":{"line":36,"column":48}},"loc":{"start":{"line":36,"column":19},"end":{"line":36,"column":48}},"line":36}},"f":{"0":13,"1":6,"2":2}}
,"C:\\Users\\celin\\OneDrive\\Documents\\Ynov\\M1\\CICD\\ci-cd-app\\ci-cd-app\\src\\components\\RegistrationForm.jsx": {"path":"C:\\Users\\celin\\OneDrive\\Documents\\Ynov\\M1\\CICD\\ci-cd-app\\ci-cd-app\\src\\components\\RegistrationForm.jsx","all":false,"statementMap":{"0":{"start":{"line":1,"column":0},"end":{"line":1,"column":39}},"1":{"start":{"line":2,"column":0},"end":{"line":2,"column":74}},"2":{"start":{"line":3,"column":0},"end":{"line":3,"column":31}},"3":{"start":{"line":4,"column":0},"end":{"line":4,"column":0}},"4":{"start":{"line":5,"column":0},"end":{"line":5,"column":44}},"5":{"start":{"line":6,"column":0},"end":{"line":6,"column":44}},"6":{"start":{"line":7,"column":0},"end":{"line":7,"column":18}},"7":{"start":{"line":8,"column":0},"end":{"line":8,"column":17}},"8":{"start":{"line":9,"column":0},"end":{"line":9,"column":14}},"9":{"start":{"line":10,"column":0},"end":{"line":10,"column":18}},"10":{"start":{"line":11,"column":0},"end":{"line":11,"column":13}},"11":{"start":{"line":12,"column":0},"end":{"line":12,"column":18}},"12":{"start":{"line":13,"column":0},"end":{"line":13,"column":4}},"13":{"start":{"line":14,"column":0},"end":{"line":14,"column":0}},"14":{"start":{"line":15,"column":0},"end":{"line":15,"column":42}},"15":{"start":{"line":16,"column":0},"end":{"line":16,"column":51}},"16":{"start":{"line":17,"column":0},"end":{"line":17,"column":58}},"17":{"start":{"line":18,"column":0},"end":{"line":18,"column":0}},"18":{"start":{"line":19,"column":0},"end":{"line":19,"column":31}},"19":{"start":{"line":20,"column":0},"end":{"line":20,"column":36}},"20":{"start":{"line":21,"column":0},"end":{"line":21,"column":26}},"21":{"start":{"line":22,"column":0},"end":{"line":22,"column":14}},"22":{"start":{"line":23,"column":0},"end":{"line":23,"column":19}},"23":{"start":{"line":24,"column":0},"end":{"line":24,"column":7}},"24":{"start":{"line":25,"column":0},"end":{"line":25,"column":57}},"25":{"start":{"line":26,"column":0},"end":{"line":26,"column":23}},"26":{"start":{"line":27,"column":0},"end":{"line":27,"column":26}},"27":{"start":{"line":28,"column":0},"end":{"line":28,"column":16}},"28":{"start":{"line":29,"column":0},"end":{"line":29,"column":25}},"29":{"start":{"line":30,"column":0},"end":{"line":30,"column":9}},"30":{"start":{"line":31,"column":0},"end":{"line":31,"column":5}},"31":{"start":{"line":32,"column":0},"end":{"line":32,"column":3}},"32":{"start":{"line":33,"column":0},"end":{"line":33,"column":0}},"33":{"start":{"line":34,"column":0},"end":{"line":34,"column":31}},"34":{"start":{"line":35,"column":0},"end":{"line":35,"column":22}},"35":{"start":{"line":36,"column":0},"end":{"line":36,"column":22}},"36":{"start":{"line":37,"column":0},"end":{"line":37,"column":25}},"37":{"start":{"line":38,"column":0},"end":{"line":38,"column":0}},"38":{"start":{"line":39,"column":0},"end":{"line":39,"column":45}},"39":{"start":{"line":40,"column":0},"end":{"line":40,"column":0}},"40":{"start":{"line":41,"column":0},"end":{"line":41,"column":30}},"41":{"start":{"line":42,"column":0},"end":{"line":42,"column":34}},"42":{"start":{"line":43,"column":0},"end":{"line":43,"column":12}},"43":{"start":{"line":44,"column":0},"end":{"line":44,"column":5}},"44":{"start":{"line":45,"column":0},"end":{"line":45,"column":0}},"45":{"start":{"line":46,"column":0},"end":{"line":46,"column":27}},"46":{"start":{"line":47,"column":0},"end":{"line":47,"column":50}},"47":{"start":{"line":48,"column":0},"end":{"line":48,"column":0}},"48":{"start":{"line":49,"column":0},"end":{"line":49,"column":16}},"49":{"start":{"line":50,"column":0},"end":{"line":50,"column":77}},"50":{"start":{"line":51,"column":0},"end":{"line":51,"column":19}},"51":{"start":{"line":52,"column":0},"end":{"line":52,"column":22}},"52":{"start":{"line":53,"column":0},"end":{"line":53,"column":21}},"53":{"start":{"line":54,"column":0},"end":{"line":54,"column":18}},"54":{"start":{"line":55,"column":0},"end":{"line":55,"column":22}},"55":{"start":{"line":56,"column":0},"end":{"line":56,"column":17}},"56":{"start":{"line":57,"column":0},"end":{"line":57,"column":22}},"57":{"start":{"line":58,"column":0},"end":{"line":58,"column":8}},"58":{"start":{"line":59,"column":0},"end":{"line":59,"column":19}},"59":{"start":{"line":60,"column":0},"end":{"line":60,"column":25}},"60":{"start":{"line":61,"column":0},"end":{"line":61,"column":12}},"61":{"start":{"line":62,"column":0},"end":{"line":62,"column":71}},"62":{"start":{"line":63,"column":0},"end":{"line":63,"column":5}},"63":{"start":{"line":64,"column":0},"end":{"line":64,"column":3}},"64":{"start":{"line":65,"column":0},"end":{"line":65,"column":0}},"65":{"start":{"line":66,"column":0},"end":{"line":66,"column":10}},"66":{"start":{"line":67,"column":0},"end":{"line":67,"column":49}},"67":{"start":{"line":68,"column":0},"end":{"line":68,"column":37}},"68":{"start":{"line":69,"column":0},"end":{"line":69,"column":6}},"69":{"start":{"line":70,"column":0},"end":{"line":70,"column":26}},"70":{"start":{"line":71,"column":0},"end":{"line":71,"column":128}},"71":{"start":{"line":72,"column":0},"end":{"line":72,"column":26}},"72":{"start":{"line":73,"column":0},"end":{"line":73,"column":14}},"73":{"start":{"line":74,"column":0},"end":{"line":74,"column":8}},"74":{"start":{"line":75,"column":0},"end":{"line":75,"column":0}},"75":{"start":{"line":76,"column":0},"end":{"line":76,"column":68}},"76":{"start":{"line":77,"column":0},"end":{"line":77,"column":26}},"77":{"start":{"line":78,"column":0},"end":{"line":78,"column":36}},"78":{"start":{"line":79,"column":0},"end":{"line":79,"column":57}},"79":{"start":{"line":80,"column":0},"end":{"line":80,"column":16}},"80":{"start":{"line":81,"column":0},"end":{"line":81,"column":23}},"81":{"start":{"line":82,"column":0},"end":{"line":82,"column":26}},"82":{"start":{"line":83,"column":0},"end":{"line":83,"column":28}},"83":{"start":{"line":84,"column":0},"end":{"line":84,"column":38}},"84":{"start":{"line":85,"column":0},"end":{"line":85,"column":35}},"85":{"start":{"line":86,"column":0},"end":{"line":86,"column":47}},"86":{"start":{"line":87,"column":0},"end":{"line":87,"column":41}},"87":{"start":{"line":88,"column":0},"end":{"line":88,"column":12}},"88":{"start":{"line":89,"column":0},"end":{"line":89,"column":32}},"89":{"start":{"line":90,"column":0},"end":{"line":90,"column":74}},"90":{"start":{"line":91,"column":0},"end":{"line":91,"column":32}},"91":{"start":{"line":92,"column":0},"end":{"line":92,"column":19}},"92":{"start":{"line":93,"column":0},"end":{"line":93,"column":12}},"93":{"start":{"line":94,"column":0},"end":{"line":94,"column":14}},"94":{"start":{"line":95,"column":0},"end":{"line":95,"column":0}},"95":{"start":{"line":96,"column":0},"end":{"line":96,"column":25}},"96":{"start":{"line":97,"column":0},"end":{"line":97,"column":36}},"97":{"start":{"line":98,"column":0},"end":{"line":98,"column":55}},"98":{"start":{"line":99,"column":0},"end":{"line":99,"column":16}},"99":{"start":{"line":100,"column":0},"end":{"line":100,"column":23}},"100":{"start":{"line":101,"column":0},"end":{"line":101,"column":25}},"101":{"start":{"line":102,"column":0},"end":{"line":102,"column":27}},"102":{"start":{"line":103,"column":0},"end":{"line":103,"column":37}},"103":{"start":{"line":104,"column":0},"end":{"line":104,"column":35}},"104":{"start":{"line":105,"column":0},"end":{"line":105,"column":46}},"105":{"start":{"line":106,"column":0},"end":{"line":106,"column":40}},"106":{"start":{"line":107,"column":0},"end":{"line":107,"column":12}},"107":{"start":{"line":108,"column":0},"end":{"line":108,"column":31}},"108":{"start":{"line":109,"column":0},"end":{"line":109,"column":73}},"109":{"start":{"line":110,"column":0},"end":{"line":110,"column":31}},"110":{"start":{"line":111,"column":0},"end":{"line":111,"column":19}},"111":{"start":{"line":112,"column":0},"end":{"line":112,"column":12}},"112":{"start":{"line":113,"column":0},"end":{"line":113,"column":14}},"113":{"start":{"line":114,"column":0},"end":{"line":114,"column":0}},"114":{"start":{"line":115,"column":0},"end":{"line":115,"column":21}},"115":{"start":{"line":116,"column":0},"end":{"line":116,"column":36}},"116":{"start":{"line":117,"column":0},"end":{"line":117,"column":48}},"117":{"start":{"line":118,"column":0},"end":{"line":118,"column":16}},"118":{"start":{"line":119,"column":0},"end":{"line":119,"column":24}},"119":{"start":{"line":120,"column":0},"end":{"line":120,"column":22}},"120":{"start":{"line":121,"column":0},"end":{"line":121,"column":24}},"121":{"start":{"line":122,"column":0},"end":{"line":122,"column":34}},"122":{"start":{"line":123,"column":0},"end":{"line":123,"column":35}},"123":{"start":{"line":124,"column":0},"end":{"line":124,"column":42}},"124":{"start":{"line":125,"column":0},"end":{"line":125,"column":37}},"125":{"start":{"line":126,"column":0},"end":{"line":126,"column":12}},"126":{"start":{"line":127,"column":0},"end":{"line":127,"column":28}},"127":{"start":{"line":128,"column":0},"end":{"line":128,"column":70}},"128":{"start":{"line":129,"column":0},"end":{"line":129,"column":28}},"129":{"start":{"line":130,"column":0},"end":{"line":130,"column":19}},"130":{"start":{"line":131,"column":0},"end":{"line":131,"column":12}},"131":{"start":{"line":132,"column":0},"end":{"line":132,"column":14}},"132":{"start":{"line":133,"column":0},"end":{"line":133,"column":0}},"133":{"start":{"line":134,"column":0},"end":{"line":134,"column":26}},"134":{"start":{"line":135,"column":0},"end":{"line":135,"column":36}},"135":{"start":{"line":136,"column":0},"end":{"line":136,"column":57}},"136":{"start":{"line":137,"column":0},"end":{"line":137,"column":16}},"137":{"start":{"line":138,"column":0},"end":{"line":138,"column":23}},"138":{"start":{"line":139,"column":0},"end":{"line":139,"column":26}},"139":{"start":{"line":140,"column":0},"end":{"line":140,"column":28}},"140":{"start":{"line":141,"column":0},"end":{"line":141,"column":38}},"141":{"start":{"line":142,"column":0},"end":{"line":142,"column":35}},"142":{"start":{"line":143,"column":0},"end":{"line":143,"column":41}},"143":{"start":{"line":144,"column":0},"end":{"line":144,"column":12}},"144":{"start":{"line":145,"column":0},"end":{"line":145,"column":32}},"145":{"start":{"line":146,"column":0},"end":{"line":146,"column":74}},"146":{"start":{"line":147,"column":0},"end":{"line":147,"column":32}},"147":{"start":{"line":148,"column":0},"end":{"line":148,"column":19}},"148":{"start":{"line":149,"column":0},"end":{"line":149,"column":12}},"149":{"start":{"line":150,"column":0},"end":{"line":150,"column":14}},"150":{"start":{"line":151,"column":0},"end":{"line":151,"column":0}},"151":{"start":{"line":152,"column":0},"end":{"line":152,"column":20}},"152":{"start":{"line":153,"column":0},"end":{"line":153,"column":36}},"153":{"start":{"line":154,"column":0},"end":{"line":154,"column":46}},"154":{"start":{"line":155,"column":0},"end":{"line":155,"column":16}},"155":{"start":{"line":156,"column":0},"end":{"line":156,"column":23}},"156":{"start":{"line":157,"column":0},"end":{"line":157,"column":21}},"157":{"start":{"line":158,"column":0},"end":{"line":158,"column":23}},"158":{"start":{"line":159,"column":0},"end":{"line":159,"column":33}},"159":{"start":{"line":160,"column":0},"end":{"line":160,"column":35}},"160":{"start":{"line":161,"column":0},"end":{"line":161,"column":41}},"161":{"start":{"line":162,"column":0},"end":{"line":162,"column":36}},"162":{"start":{"line":163,"column":0},"end":{"line":163,"column":12}},"163":{"start":{"line":164,"column":0},"end":{"line":164,"column":27}},"164":{"start":{"line":165,"column":0},"end":{"line":165,"column":69}},"165":{"start":{"line":166,"column":0},"end":{"line":166,"column":27}},"166":{"start":{"line":167,"column":0},"end":{"line":167,"column":19}},"167":{"start":{"line":168,"column":0},"end":{"line":168,"column":12}},"168":{"start":{"line":169,"column":0},"end":{"line":169,"column":14}},"169":{"start":{"line":170,"column":0},"end":{"line":170,"column":0}},"170":{"start":{"line":171,"column":0},"end":{"line":171,"column":27}},"171":{"start":{"line":172,"column":0},"end":{"line":172,"column":36}},"172":{"start":{"line":173,"column":0},"end":{"line":173,"column":59}},"173":{"start":{"line":174,"column":0},"end":{"line":174,"column":16}},"174":{"start":{"line":175,"column":0},"end":{"line":175,"column":23}},"175":{"start":{"line":176,"column":0},"end":{"line":176,"column":27}},"176":{"start":{"line":177,"column":0},"end":{"line":177,"column":29}},"177":{"start":{"line":178,"column":0},"end":{"line":178,"column":39}},"178":{"start":{"line":179,"column":0},"end":{"line":179,"column":35}},"179":{"start":{"line":180,"column":0},"end":{"line":180,"column":48}},"180":{"start":{"line":181,"column":0},"end":{"line":181,"column":25}},"181":{"start":{"line":182,"column":0},"end":{"line":182,"column":42}},"182":{"start":{"line":183,"column":0},"end":{"line":183,"column":12}},"183":{"start":{"line":184,"column":0},"end":{"line":184,"column":33}},"184":{"start":{"line":185,"column":0},"end":{"line":185,"column":75}},"185":{"start":{"line":186,"column":0},"end":{"line":186,"column":33}},"186":{"start":{"line":187,"column":0},"end":{"line":187,"column":19}},"187":{"start":{"line":188,"column":0},"end":{"line":188,"column":12}},"188":{"start":{"line":189,"column":0},"end":{"line":189,"column":14}},"189":{"start":{"line":190,"column":0},"end":{"line":190,"column":0}},"190":{"start":{"line":191,"column":0},"end":{"line":191,"column":29}},"191":{"start":{"line":192,"column":0},"end":{"line":192,"column":58}},"192":{"start":{"line":193,"column":0},"end":{"line":193,"column":18}},"193":{"start":{"line":194,"column":0},"end":{"line":194,"column":17}},"194":{"start":{"line":195,"column":0},"end":{"line":195,"column":13}},"195":{"start":{"line":196,"column":0},"end":{"line":196,"column":10}},"196":{"start":{"line":197,"column":0},"end":{"line":197,"column":3}},"197":{"start":{"line":198,"column":0},"end":{"line":198,"column":1}}},"s":{"0":1,"1":1,"2":1,"3":1,"4":95,"5":95,"6":95,"7":95,"8":95,"9":95,"10":95,"11":95,"12":95,"13":95,"14":95,"15":95,"16":95,"17":95,"18":95,"19":69,"20":69,"21":69,"22":69,"23":69,"24":69,"25":69,"26":1,"27":1,"28":1,"29":1,"30":1,"31":69,"32":95,"33":95,"34":10,"35":10,"36":10,"37":10,"38":10,"39":10,"40":10,"41":5,"42":5,"43":5,"44":5,"45":5,"46":5,"47":5,"48":5,"49":5,"50":5,"51":5,"52":5,"53":5,"54":5,"55":5,"56":5,"57":5,"58":5,"59":5,"60":10,"61":0,"62":0,"63":10,"64":95,"65":95,"66":95,"67":95,"68":95,"69":95,"70":11,"71":11,"72":11,"73":95,"74":95,"75":95,"76":95,"77":95,"78":95,"79":95,"80":95,"81":95,"82":95,"83":95,"84":95,"85":95,"86":95,"87":95,"88":95,"89":2,"90":2,"91":2,"92":95,"93":95,"94":95,"95":95,"96":95,"97":95,"98":95,"99":95,"100":95,"101":95,"102":95,"103":95,"104":95,"105":95,"106":95,"107":95,"108":0,"109":0,"110":0,"111":95,"112":95,"113":95,"114":95,"115":95,"116":95,"117":95,"118":95,"119":95,"120":95,"121":95,"122":95,"123":95,"124":95,"125":95,"126":95,"127":1,"128":1,"129":1,"130":95,"131":95,"132":95,"133":95,"134":95,"135":95,"136":95,"137":95,"138":95,"139":95,"140":95,"141":95,"142":95,"143":95,"144":95,"145":1,"146":1,"147":1,"148":95,"149":95,"150":95,"151":95,"152":95,"153":95,"154":95,"155":95,"156":95,"157":95,"158":95,"159":95,"160":95,"161":95,"162":95,"163":95,"164":0,"165":0,"166":0,"167":95,"168":95,"169":95,"170":95,"171":95,"172":95,"173":95,"174":95,"175":95,"176":95,"177":95,"178":95,"179":95,"180":95,"181":95,"182":95,"183":95,"184":1,"185":1,"186":1,"187":95,"188":95,"189":95,"190":95,"191":95,"192":95,"193":95,"194":95,"195":95,"196":95,"197":95},"branchMap":{"0":{"type":"branch","line":5,"loc":{"start":{"line":5,"column":0},"end":{"line":198,"column":1}},"locations":[{"start":{"line":5,"column":0},"end":{"line":198,"column":1}}]},"1":{"type":"branch","line":70,"loc":{"start":{"line":70,"column":7},"end":{"line":73,"column":14}},"locations":[{"start":{"line":70,"column":7},"end":{"line":73,"column":14}}]},"2":{"type":"branch","line":71,"loc":{"start":{"line":71,"column":75},"end":{"line":71,"column":94}},"locations":[{"start":{"line":71,"column":75},"end":{"line":71,"column":94}}]},"3":{"type":"branch","line":89,"loc":{"start":{"line":89,"column":18},"end":{"line":92,"column":19}},"locations":[{"start":{"line":89,"column":18},"end":{"line":92,"column":19}}]},"4":{"type":"branch","line":108,"loc":{"start":{"line":108,"column":18},"end":{"line":111,"column":19}},"locations":[{"start":{"line":108,"column":18},"end":{"line":111,"column":19}}]},"5":{"type":"branch","line":127,"loc":{"start":{"line":127,"column":18},"end":{"line":130,"column":19}},"locations":[{"start":{"line":127,"column":18},"end":{"line":130,"column":19}}]},"6":{"type":"branch","line":145,"loc":{"start":{"line":145,"column":18},"end":{"line":148,"column":19}},"locations":[{"start":{"line":145,"column":18},"end":{"line":148,"column":19}}]},"7":{"type":"branch","line":164,"loc":{"start":{"line":164,"column":18},"end":{"line":167,"column":19}},"locations":[{"start":{"line":164,"column":18},"end":{"line":167,"column":19}}]},"8":{"type":"branch","line":184,"loc":{"start":{"line":184,"column":18},"end":{"line":187,"column":19}},"locations":[{"start":{"line":184,"column":18},"end":{"line":187,"column":19}}]},"9":{"type":"branch","line":19,"loc":{"start":{"line":19,"column":23},"end":{"line":32,"column":3}},"locations":[{"start":{"line":19,"column":23},"end":{"line":32,"column":3}}]},"10":{"type":"branch","line":26,"loc":{"start":{"line":26,"column":22},"end":{"line":31,"column":5}},"locations":[{"start":{"line":26,"column":22},"end":{"line":31,"column":5}}]},"11":{"type":"branch","line":21,"loc":{"start":{"line":21,"column":16},"end":{"line":24,"column":6}},"locations":[{"start":{"line":21,"column":16},"end":{"line":24,"column":6}}]},"12":{"type":"branch","line":27,"loc":{"start":{"line":27,"column":16},"end":{"line":30,"column":8}},"locations":[{"start":{"line":27,"column":16},"end":{"line":30,"column":8}}]},"13":{"type":"branch","line":34,"loc":{"start":{"line":34,"column":23},"end":{"line":64,"column":3}},"locations":[{"start":{"line":34,"column":23},"end":{"line":64,"column":3}}]},"14":{"type":"branch","line":41,"loc":{"start":{"line":41,"column":29},"end":{"line":61,"column":11}},"locations":[{"start":{"line":41,"column":29},"end":{"line":61,"column":11}}]},"15":{"type":"branch","line":61,"loc":{"start":{"line":61,"column":4},"end":{"line":63,"column":5}},"locations":[{"start":{"line":61,"column":4},"end":{"line":63,"column":5}}]}},"b":{"0":[95],"1":[11],"2":[0],"3":[2],"4":[0],"5":[1],"6":[1],"7":[0],"8":[1],"9":[69],"10":[1],"11":[69],"12":[1],"13":[10],"14":[5],"15":[0]},"fnMap":{"0":{"name":"RegistrationForm","decl":{"start":{"line":5,"column":0},"end":{"line":198,"column":1}},"loc":{"start":{"line":5,"column":0},"end":{"line":198,"column":1}},"line":5},"1":{"name":"handleChange","decl":{"start":{"line":19,"column":23},"end":{"line":32,"column":3}},"loc":{"start":{"line":19,"column":23},"end":{"line":32,"column":3}},"line":19},"2":{"name":"handleSubmit","decl":{"start":{"line":34,"column":23},"end":{"line":64,"column":3}},"loc":{"start":{"line":34,"column":23},"end":{"line":64,"column":3}},"line":34}},"f":{"0":95,"1":69,"2":10}}
,"C:\\Users\\celin\\OneDrive\\Documents\\Ynov\\M1\\CICD\\ci-cd-app\\ci-cd-app\\src\\utils\\module.js": {"path":"C:\\Users\\celin\\OneDrive\\Documents\\Ynov\\M1\\CICD\\ci-cd-app\\ci-cd-app\\src\\utils\\module.js","all":false,"statementMap":{"0":{"start":{"line":1,"column":0},"end":{"line":1,"column":3}},"1":{"start":{"line":2,"column":0},"end":{"line":2,"column":56}},"2":{"start":{"line":3,"column":0},"end":{"line":3,"column":67}},"3":{"start":{"line":4,"column":0},"end":{"line":4,"column":52}},"4":{"start":{"line":5,"column":0},"end":{"line":5,"column":3}},"5":{"start":{"line":6,"column":0},"end":{"line":6,"column":33}},"6":{"start":{"line":7,"column":0},"end":{"line":7,"column":12}},"7":{"start":{"line":8,"column":0},"end":{"line":8,"column":43}},"8":{"start":{"line":9,"column":0},"end":{"line":9,"column":6}},"9":{"start":{"line":10,"column":0},"end":{"line":10,"column":0}},"10":{"start":{"line":11,"column":0},"end":{"line":11,"column":60}},"11":{"start":{"line":12,"column":0},"end":{"line":12,"column":57}},"12":{"start":{"line":13,"column":0},"end":{"line":13,"column":15}},"13":{"start":{"line":14,"column":0},"end":{"line":14,"column":1}}},"s":{"0":1,"1":1,"2":1,"3":1,"4":1,"5":1,"6":8,"7":1,"8":8,"9":7,"10":7,"11":7,"12":7,"13":7},"branchMap":{"0":{"type":"branch","line":6,"loc":{"start":{"line":6,"column":7},"end":{"line":14,"column":1}},"locations":[{"start":{"line":6,"column":7},"end":{"line":14,"column":1}}]},"1":{"type":"branch","line":7,"loc":{"start":{"line":7,"column":11},"end":{"line":9,"column":5}},"locations":[{"start":{"line":7,"column":11},"end":{"line":9,"column":5}}]},"2":{"type":"branch","line":9,"loc":{"start":{"line":9,"column":5},"end":{"line":14,"column":1}},"locations":[{"start":{"line":9,"column":5},"end":{"line":14,"column":1}}]}},"b":{"0":[8],"1":[1],"2":[7]},"fnMap":{"0":{"name":"calculateAge","decl":{"start":{"line":6,"column":7},"end":{"line":14,"column":1}},"loc":{"start":{"line":6,"column":7},"end":{"line":14,"column":1}},"line":6}},"f":{"0":8}}
,"C:\\Users\\celin\\OneDrive\\Documents\\Ynov\\M1\\CICD\\ci-cd-app\\ci-cd-app\\src\\utils\\validation.js": {"path":"C:\\Users\\celin\\OneDrive\\Documents\\Ynov\\M1\\CICD\\ci-cd-app\\ci-cd-app\\src\\utils\\validation.js","all":false,"statementMap":{"0":{"start":{"line":1,"column":0},"end":{"line":1,"column":3}},"1":{"start":{"line":2,"column":0},"end":{"line":2,"column":50}},"2":{"start":{"line":3,"column":0},"end":{"line":3,"column":3}},"3":{"start":{"line":4,"column":0},"end":{"line":4,"column":0}},"4":{"start":{"line":5,"column":0},"end":{"line":5,"column":3}},"5":{"start":{"line":6,"column":0},"end":{"line":6,"column":64}},"6":{"start":{"line":7,"column":0},"end":{"line":7,"column":46}},"7":{"start":{"line":8,"column":0},"end":{"line":8,"column":52}},"8":{"start":{"line":9,"column":0},"end":{"line":9,"column":3}},"9":{"start":{"line":10,"column":0},"end":{"line":10,"column":35}},"10":{"start":{"line":11,"column":0},"end":{"line":11,"column":42}},"11":{"start":{"line":12,"column":0},"end":{"line":12,"column":17}},"12":{"start":{"line":13,"column":0},"end":{"line":13,"column":3}},"13":{"start":{"line":14,"column":0},"end":{"line":14,"column":34}},"14":{"start":{"line":15,"column":0},"end":{"line":15,"column":75}},"15":{"start":{"line":16,"column":0},"end":{"line":16,"column":1}},"16":{"start":{"line":17,"column":0},"end":{"line":17,"column":0}},"17":{"start":{"line":18,"column":0},"end":{"line":18,"column":3}},"18":{"start":{"line":19,"column":0},"end":{"line":19,"column":29}},"19":{"start":{"line":20,"column":0},"end":{"line":20,"column":48}},"20":{"start":{"line":21,"column":0},"end":{"line":21,"column":52}},"21":{"start":{"line":22,"column":0},"end":{"line":22,"column":3}},"22":{"start":{"line":23,"column":0},"end":{"line":23,"column":37}},"23":{"start":{"line":24,"column":0},"end":{"line":24,"column":44}},"24":{"start":{"line":25,"column":0},"end":{"line":25,"column":17}},"25":{"start":{"line":26,"column":0},"end":{"line":26,"column":3}},"26":{"start":{"line":27,"column":0},"end":{"line":27,"column":50}},"27":{"start":{"line":28,"column":0},"end":{"line":28,"column":39}},"28":{"start":{"line":29,"column":0},"end":{"line":29,"column":1}},"29":{"start":{"line":30,"column":0},"end":{"line":30,"column":0}},"30":{"start":{"line":31,"column":0},"end":{"line":31,"column":3}},"31":{"start":{"line":32,"column":0},"end":{"line":32,"column":41}},"32":{"start":{"line":33,"column":0},"end":{"line":33,"column":62}},"33":{"start":{"line":34,"column":0},"end":{"line":34,"column":58}},"34":{"start":{"line":35,"column":0},"end":{"line":35,"column":3}},"35":{"start":{"line":36,"column":0},"end":{"line":36,"column":36}},"36":{"start":{"line":37,"column":0},"end":{"line":37,"column":19}},"37":{"start":{"line":38,"column":0},"end":{"line":38,"column":17}},"38":{"start":{"line":39,"column":0},"end":{"line":39,"column":3}},"39":{"start":{"line":40,"column":0},"end":{"line":40,"column":0}},"40":{"start":{"line":41,"column":0},"end":{"line":41,"column":11}},"41":{"start":{"line":42,"column":0},"end":{"line":42,"column":38}},"42":{"start":{"line":43,"column":0},"end":{"line":43,"column":31}},"43":{"start":{"line":44,"column":0},"end":{"line":44,"column":41}},"44":{"start":{"line":45,"column":0},"end":{"line":45,"column":21}},"45":{"start":{"line":46,"column":0},"end":{"line":46,"column":10}},"46":{"start":{"line":47,"column":0},"end":{"line":47,"column":17}},"47":{"start":{"line":48,"column":0},"end":{"line":48,"column":3}},"48":{"start":{"line":49,"column":0},"end":{"line":49,"column":0}},"49":{"start":{"line":50,"column":0},"end":{"line":50,"column":30}},"50":{"start":{"line":51,"column":0},"end":{"line":51,"column":17}},"51":{"start":{"line":52,"column":0},"end":{"line":52,"column":3}},"52":{"start":{"line":53,"column":0},"end":{"line":53,"column":0}},"53":{"start":{"line":54,"column":0},"end":{"line":54,"column":27}},"54":{"start":{"line":55,"column":0},"end":{"line":55,"column":55}},"55":{"start":{"line":56,"column":0},"end":{"line":56,"column":55}},"56":{"start":{"line":57,"column":0},"end":{"line":57,"column":0}},"57":{"start":{"line":58,"column":0},"end":{"line":58,"column":79}},"58":{"start":{"line":59,"column":0},"end":{"line":59,"column":25}},"59":{"start":{"line":60,"column":0},"end":{"line":60,"column":3}},"60":{"start":{"line":61,"column":0},"end":{"line":61,"column":0}},"61":{"start":{"line":62,"column":0},"end":{"line":62,"column":19}},"62":{"start":{"line":63,"column":0},"end":{"line":63,"column":1}},"63":{"start":{"line":64,"column":0},"end":{"line":64,"column":0}},"64":{"start":{"line":65,"column":0},"end":{"line":65,"column":3}},"65":{"start":{"line":66,"column":0},"end":{"line":66,"column":32}},"66":{"start":{"line":67,"column":0},"end":{"line":67,"column":46}},"67":{"start":{"line":68,"column":0},"end":{"line":68,"column":52}},"68":{"start":{"line":69,"column":0},"end":{"line":69,"column":3}},"69":{"start":{"line":70,"column":0},"end":{"line":70,"column":35}},"70":{"start":{"line":71,"column":0},"end":{"line":71,"column":42}},"71":{"start":{"line":72,"column":0},"end":{"line":72,"column":17}},"72":{"start":{"line":73,"column":0},"end":{"line":73,"column":3}},"73":{"start":{"line":74,"column":0},"end":{"line":74,"column":34}},"74":{"start":{"line":75,"column":0},"end":{"line":75,"column":75}},"75":{"start":{"line":76,"column":0},"end":{"line":76,"column":1}},"76":{"start":{"line":77,"column":0},"end":{"line":77,"column":0}},"77":{"start":{"line":78,"column":0},"end":{"line":78,"column":3}},"78":{"start":{"line":79,"column":0},"end":{"line":79,"column":60}},"79":{"start":{"line":80,"column":0},"end":{"line":80,"column":59}},"80":{"start":{"line":81,"column":0},"end":{"line":81,"column":52}},"81":{"start":{"line":82,"column":0},"end":{"line":82,"column":3}},"82":{"start":{"line":83,"column":0},"end":{"line":83,"column":47}},"83":{"start":{"line":84,"column":0},"end":{"line":84,"column":54}},"84":{"start":{"line":85,"column":0},"end":{"line":85,"column":17}},"85":{"start":{"line":86,"column":0},"end":{"line":86,"column":3}},"86":{"start":{"line":87,"column":0},"end":{"line":87,"column":40}},"87":{"start":{"line":88,"column":0},"end":{"line":88,"column":37}},"88":{"start":{"line":89,"column":0},"end":{"line":89,"column":1}},"89":{"start":{"line":90,"column":0},"end":{"line":90,"column":0}},"90":{"start":{"line":91,"column":0},"end":{"line":91,"column":3}},"91":{"start":{"line":92,"column":0},"end":{"line":92,"column":27}},"92":{"start":{"line":93,"column":0},"end":{"line":93,"column":50}},"93":{"start":{"line":94,"column":0},"end":{"line":94,"column":64}},"94":{"start":{"line":95,"column":0},"end":{"line":95,"column":3}},"95":{"start":{"line":96,"column":0},"end":{"line":96,"column":40}},"96":{"start":{"line":97,"column":0},"end":{"line":97,"column":20}},"97":{"start":{"line":98,"column":0},"end":{"line":98,"column":0}},"98":{"start":{"line":99,"column":0},"end":{"line":99,"column":41}},"99":{"start":{"line":100,"column":0},"end":{"line":100,"column":91}},"100":{"start":{"line":101,"column":0},"end":{"line":101,"column":3}},"101":{"start":{"line":102,"column":0},"end":{"line":102,"column":0}},"102":{"start":{"line":103,"column":0},"end":{"line":103,"column":40}},"103":{"start":{"line":104,"column":0},"end":{"line":104,"column":89}},"104":{"start":{"line":105,"column":0},"end":{"line":105,"column":3}},"105":{"start":{"line":106,"column":0},"end":{"line":106,"column":0}},"106":{"start":{"line":107,"column":0},"end":{"line":107,"column":38}},"107":{"start":{"line":108,"column":0},"end":{"line":108,"column":56}},"108":{"start":{"line":109,"column":0},"end":{"line":109,"column":3}},"109":{"start":{"line":110,"column":0},"end":{"line":110,"column":0}},"110":{"start":{"line":111,"column":0},"end":{"line":111,"column":28}},"111":{"start":{"line":112,"column":0},"end":{"line":112,"column":48}},"112":{"start":{"line":113,"column":0},"end":{"line":113,"column":44}},"113":{"start":{"line":114,"column":0},"end":{"line":114,"column":59}},"114":{"start":{"line":115,"column":0},"end":{"line":115,"column":3}},"115":{"start":{"line":116,"column":0},"end":{"line":116,"column":0}},"116":{"start":{"line":117,"column":0},"end":{"line":117,"column":36}},"117":{"start":{"line":118,"column":0},"end":{"line":118,"column":80}},"118":{"start":{"line":119,"column":0},"end":{"line":119,"column":3}},"119":{"start":{"line":120,"column":0},"end":{"line":120,"column":0}},"120":{"start":{"line":121,"column":0},"end":{"line":121,"column":48}},"121":{"start":{"line":122,"column":0},"end":{"line":122,"column":71}},"122":{"start":{"line":123,"column":0},"end":{"line":123,"column":3}},"123":{"start":{"line":124,"column":0},"end":{"line":124,"column":0}},"124":{"start":{"line":125,"column":0},"end":{"line":125,"column":10}},"125":{"start":{"line":126,"column":0},"end":{"line":126,"column":46}},"126":{"start":{"line":127,"column":0},"end":{"line":127,"column":10}},"127":{"start":{"line":128,"column":0},"end":{"line":128,"column":4}},"128":{"start":{"line":129,"column":0},"end":{"line":129,"column":1}},"129":{"start":{"line":130,"column":0},"end":{"line":130,"column":0}},"130":{"start":{"line":131,"column":0},"end":{"line":131,"column":3}},"131":{"start":{"line":132,"column":0},"end":{"line":132,"column":33}},"132":{"start":{"line":133,"column":0},"end":{"line":133,"column":51}},"133":{"start":{"line":134,"column":0},"end":{"line":134,"column":48}},"134":{"start":{"line":135,"column":0},"end":{"line":135,"column":3}},"135":{"start":{"line":136,"column":0},"end":{"line":136,"column":50}},"136":{"start":{"line":137,"column":0},"end":{"line":137,"column":7}},"137":{"start":{"line":138,"column":0},"end":{"line":138,"column":66}},"138":{"start":{"line":139,"column":0},"end":{"line":139,"column":16}},"139":{"start":{"line":140,"column":0},"end":{"line":140,"column":18}},"140":{"start":{"line":141,"column":0},"end":{"line":141,"column":21}},"141":{"start":{"line":142,"column":0},"end":{"line":142,"column":44}},"142":{"start":{"line":143,"column":0},"end":{"line":143,"column":7}},"143":{"start":{"line":144,"column":0},"end":{"line":144,"column":57}},"144":{"start":{"line":145,"column":0},"end":{"line":145,"column":16}},"145":{"start":{"line":146,"column":0},"end":{"line":146,"column":19}},"146":{"start":{"line":147,"column":0},"end":{"line":147,"column":63}},"147":{"start":{"line":148,"column":0},"end":{"line":148,"column":17}},"148":{"start":{"line":149,"column":0},"end":{"line":149,"column":3}},"149":{"start":{"line":150,"column":0},"end":{"line":150,"column":1}},"150":{"start":{"line":151,"column":0},"end":{"line":151,"column":0}},"151":{"start":{"line":152,"column":0},"end":{"line":152,"column":3}},"152":{"start":{"line":153,"column":0},"end":{"line":153,"column":34}},"153":{"start":{"line":154,"column":0},"end":{"line":154,"column":41}},"154":{"start":{"line":155,"column":0},"end":{"line":155,"column":3}},"155":{"start":{"line":156,"column":0},"end":{"line":156,"column":44}},"156":{"start":{"line":157,"column":0},"end":{"line":157,"column":7}},"157":{"start":{"line":158,"column":0},"end":{"line":158,"column":59}},"158":{"start":{"line":159,"column":0},"end":{"line":159,"column":19}},"159":{"start":{"line":160,"column":0},"end":{"line":160,"column":67}},"160":{"start":{"line":161,"column":0},"end":{"line":161,"column":14}},"161":{"start":{"line":162,"column":0},"end":{"line":162,"column":3}},"162":{"start":{"line":163,"column":0},"end":{"line":163,"column":1}},"163":{"start":{"line":164,"column":0},"end":{"line":164,"column":0}},"164":{"start":{"line":165,"column":0},"end":{"line":165,"column":3}},"165":{"start":{"line":166,"column":0},"end":{"line":166,"column":36}},"166":{"start":{"line":167,"column":0},"end":{"line":167,"column":50}},"167":{"start":{"line":168,"column":0},"end":{"line":168,"column":3}},"168":{"start":{"line":169,"column":0},"end":{"line":169,"column":46}},"169":{"start":{"line":170,"column":0},"end":{"line":170,"column":7}},"170":{"start":{"line":171,"column":0},"end":{"line":171,"column":37}},"171":{"start":{"line":172,"column":0},"end":{"line":172,"column":16}},"172":{"start":{"line":173,"column":0},"end":{"line":173,"column":19}},"173":{"start":{"line":174,"column":0},"end":{"line":174,"column":68}},"174":{"start":{"line":175,"column":0},"end":{"line":175,"column":17}},"175":{"start":{"line":176,"column":0},"end":{"line":176,"column":3}},"176":{"start":{"line":177,"column":0},"end":{"line":177,"column":1}}},"s":{"0":1,"1":1,"2":1,"3":1,"4":1,"5":1,"6":1,"7":1,"8":1,"9":1,"10":39,"11":5,"12":5,"13":34,"14":39,"15":39,"16":1,"17":1,"18":1,"19":1,"20":1,"21":1,"22":1,"23":24,"24":5,"25":5,"26":19,"27":19,"28":19,"29":1,"30":1,"31":1,"32":1,"33":1,"34":1,"35":1,"36":22,"37":2,"38":2,"39":20,"40":20,"41":22,"42":13,"43":22,"44":6,"45":7,"46":1,"47":1,"48":19,"49":22,"50":1,"51":1,"52":18,"53":18,"54":18,"55":18,"56":18,"57":22,"58":0,"59":0,"60":18,"61":18,"62":18,"63":1,"64":1,"65":1,"66":1,"67":1,"68":1,"69":1,"70":23,"71":3,"72":3,"73":20,"74":23,"75":23,"76":1,"77":1,"78":1,"79":1,"80":1,"81":1,"82":1,"83":23,"84":3,"85":3,"86":20,"87":20,"88":20,"89":1,"90":1,"91":1,"92":1,"93":1,"94":1,"95":1,"96":13,"97":13,"98":13,"99":3,"100":3,"101":13,"102":13,"103":1,"104":1,"105":13,"106":13,"107":3,"108":3,"109":13,"110":13,"111":0,"112":13,"113":2,"114":2,"115":13,"116":13,"117":1,"118":1,"119":13,"120":13,"121":2,"122":2,"123":13,"124":13,"125":13,"126":13,"127":13,"128":13,"129":1,"130":1,"131":1,"132":1,"133":1,"134":1,"135":1,"136":12,"137":12,"138":12,"139":12,"140":12,"141":12,"142":12,"143":12,"144":12,"145":12,"146":1,"147":1,"148":1,"149":12,"150":1,"151":1,"152":1,"153":1,"154":1,"155":1,"156":8,"157":8,"158":8,"159":1,"160":1,"161":1,"162":8,"163":1,"164":1,"165":1,"166":1,"167":1,"168":1,"169":2,"170":2,"171":2,"172":2,"173":1,"174":1,"175":1,"176":2},"branchMap":{"0":{"type":"branch","line":10,"loc":{"start":{"line":10,"column":7},"end":{"line":16,"column":1}},"locations":[{"start":{"line":10,"column":7},"end":{"line":16,"column":1}}]},"1":{"type":"branch","line":11,"loc":{"start":{"line":11,"column":12},"end":{"line":11,"column":39}},"locations":[{"start":{"line":11,"column":12},"end":{"line":11,"column":39}}]},"2":{"type":"branch","line":11,"loc":{"start":{"line":11,"column":41},"end":{"line":13,"column":3}},"locations":[{"start":{"line":11,"column":41},"end":{"line":13,"column":3}}]},"3":{"type":"branch","line":14,"loc":{"start":{"line":14,"column":-2},"end":{"line":15,"column":33}},"locations":[{"start":{"line":14,"column":-2},"end":{"line":15,"column":33}}]},"4":{"type":"branch","line":15,"loc":{"start":{"line":15,"column":33},"end":{"line":15,"column":74}},"locations":[{"start":{"line":15,"column":33},"end":{"line":15,"column":74}}]},"5":{"type":"branch","line":23,"loc":{"start":{"line":23,"column":7},"end":{"line":29,"column":1}},"locations":[{"start":{"line":23,"column":7},"end":{"line":29,"column":1}}]},"6":{"type":"branch","line":24,"loc":{"start":{"line":24,"column":13},"end":{"line":24,"column":41}},"locations":[{"start":{"line":24,"column":13},"end":{"line":24,"column":41}}]},"7":{"type":"branch","line":24,"loc":{"start":{"line":24,"column":43},"end":{"line":26,"column":3}},"locations":[{"start":{"line":24,"column":43},"end":{"line":26,"column":3}}]},"8":{"type":"branch","line":27,"loc":{"start":{"line":27,"column":-2},"end":{"line":29,"column":1}},"locations":[{"start":{"line":27,"column":-2},"end":{"line":29,"column":1}}]},"9":{"type":"branch","line":36,"loc":{"start":{"line":36,"column":7},"end":{"line":63,"column":1}},"locations":[{"start":{"line":36,"column":7},"end":{"line":63,"column":1}}]},"10":{"type":"branch","line":37,"loc":{"start":{"line":37,"column":18},"end":{"line":39,"column":3}},"locations":[{"start":{"line":37,"column":18},"end":{"line":39,"column":3}}]},"11":{"type":"branch","line":40,"loc":{"start":{"line":40,"column":-2},"end":{"line":42,"column":37}},"locations":[{"start":{"line":40,"column":-2},"end":{"line":42,"column":37}}]},"12":{"type":"branch","line":42,"loc":{"start":{"line":42,"column":37},"end":{"line":44,"column":3}},"locations":[{"start":{"line":42,"column":37},"end":{"line":44,"column":3}}]},"13":{"type":"branch","line":44,"loc":{"start":{"line":44,"column":3},"end":{"line":48,"column":3}},"locations":[{"start":{"line":44,"column":3},"end":{"line":48,"column":3}}]},"14":{"type":"branch","line":44,"loc":{"start":{"line":44,"column":40},"end":{"line":46,"column":3}},"locations":[{"start":{"line":44,"column":40},"end":{"line":46,"column":3}}]},"15":{"type":"branch","line":46,"loc":{"start":{"line":46,"column":3},"end":{"line":48,"column":3}},"locations":[{"start":{"line":46,"column":3},"end":{"line":48,"column":3}}]},"16":{"type":"branch","line":49,"loc":{"start":{"line":49,"column":-2},"end":{"line":50,"column":29}},"locations":[{"start":{"line":49,"column":-2},"end":{"line":50,"column":29}}]},"17":{"type":"branch","line":50,"loc":{"start":{"line":50,"column":29},"end":{"line":52,"column":3}},"locations":[{"start":{"line":50,"column":29},"end":{"line":52,"column":3}}]},"18":{"type":"branch","line":53,"loc":{"start":{"line":53,"column":-2},"end":{"line":58,"column":76}},"locations":[{"start":{"line":53,"column":-2},"end":{"line":58,"column":76}}]},"19":{"type":"branch","line":58,"loc":{"start":{"line":58,"column":40},"end":{"line":58,"column":75}},"locations":[{"start":{"line":58,"column":40},"end":{"line":58,"column":75}}]},"20":{"type":"branch","line":58,"loc":{"start":{"line":58,"column":78},"end":{"line":60,"column":3}},"locations":[{"start":{"line":58,"column":78},"end":{"line":60,"column":3}}]},"21":{"type":"branch","line":61,"loc":{"start":{"line":61,"column":-2},"end":{"line":63,"column":1}},"locations":[{"start":{"line":61,"column":-2},"end":{"line":63,"column":1}}]},"22":{"type":"branch","line":70,"loc":{"start":{"line":70,"column":7},"end":{"line":76,"column":1}},"locations":[{"start":{"line":70,"column":7},"end":{"line":76,"column":1}}]},"23":{"type":"branch","line":71,"loc":{"start":{"line":71,"column":12},"end":{"line":71,"column":39}},"locations":[{"start":{"line":71,"column":12},"end":{"line":71,"column":39}}]},"24":{"type":"branch","line":71,"loc":{"start":{"line":71,"column":41},"end":{"line":73,"column":3}},"locations":[{"start":{"line":71,"column":41},"end":{"line":73,"column":3}}]},"25":{"type":"branch","line":74,"loc":{"start":{"line":74,"column":-2},"end":{"line":75,"column":33}},"locations":[{"start":{"line":74,"column":-2},"end":{"line":75,"column":33}}]},"26":{"type":"branch","line":75,"loc":{"start":{"line":75,"column":33},"end":{"line":75,"column":74}},"locations":[{"start":{"line":75,"column":33},"end":{"line":75,"column":74}}]},"27":{"type":"branch","line":83,"loc":{"start":{"line":83,"column":7},"end":{"line":89,"column":1}},"locations":[{"start":{"line":83,"column":7},"end":{"line":89,"column":1}}]},"28":{"type":"branch","line":84,"loc":{"start":{"line":84,"column":18},"end":{"line":84,"column":51}},"locations":[{"start":{"line":84,"column":18},"end":{"line":84,"column":51}}]},"29":{"type":"branch","line":84,"loc":{"start":{"line":84,"column":53},"end":{"line":86,"column":3}},"locations":[{"start":{"line":84,"column":53},"end":{"line":86,"column":3}}]},"30":{"type":"branch","line":87,"loc":{"start":{"line":87,"column":-2},"end":{"line":89,"column":1}},"locations":[{"start":{"line":87,"column":-2},"end":{"line":89,"column":1}}]},"31":{"type":"branch","line":96,"loc":{"start":{"line":96,"column":7},"end":{"line":129,"column":1}},"locations":[{"start":{"line":96,"column":7},"end":{"line":129,"column":1}}]},"32":{"type":"branch","line":99,"loc":{"start":{"line":99,"column":40},"end":{"line":101,"column":3}},"locations":[{"start":{"line":99,"column":40},"end":{"line":101,"column":3}}]},"33":{"type":"branch","line":103,"loc":{"start":{"line":103,"column":39},"end":{"line":105,"column":3}},"locations":[{"start":{"line":103,"column":39},"end":{"line":105,"column":3}}]},"34":{"type":"branch","line":107,"loc":{"start":{"line":107,"column":37},"end":{"line":109,"column":3}},"locations":[{"start":{"line":107,"column":37},"end":{"line":109,"column":3}}]},"35":{"type":"branch","line":111,"loc":{"start":{"line":111,"column":27},"end":{"line":113,"column":3}},"locations":[{"start":{"line":111,"column":27},"end":{"line":113,"column":3}}]},"36":{"type":"branch","line":113,"loc":{"start":{"line":113,"column":43},"end":{"line":115,"column":3}},"locations":[{"start":{"line":113,"column":43},"end":{"line":115,"column":3}}]},"37":{"type":"branch","line":117,"loc":{"start":{"line":117,"column":35},"end":{"line":119,"column":3}},"locations":[{"start":{"line":117,"column":35},"end":{"line":119,"column":3}}]},"38":{"type":"branch","line":121,"loc":{"start":{"line":121,"column":47},"end":{"line":123,"column":3}},"locations":[{"start":{"line":121,"column":47},"end":{"line":123,"column":3}}]},"39":{"type":"branch","line":136,"loc":{"start":{"line":136,"column":7},"end":{"line":150,"column":1}},"locations":[{"start":{"line":136,"column":7},"end":{"line":150,"column":1}}]},"40":{"type":"branch","line":138,"loc":{"start":{"line":138,"column":60},"end":{"line":138,"column":65}},"locations":[{"start":{"line":138,"column":60},"end":{"line":138,"column":65}}]},"41":{"type":"branch","line":146,"loc":{"start":{"line":146,"column":4},"end":{"line":149,"column":3}},"locations":[{"start":{"line":146,"column":4},"end":{"line":149,"column":3}}]},"42":{"type":"branch","line":156,"loc":{"start":{"line":156,"column":7},"end":{"line":163,"column":1}},"locations":[{"start":{"line":156,"column":7},"end":{"line":163,"column":1}}]},"43":{"type":"branch","line":158,"loc":{"start":{"line":158,"column":53},"end":{"line":158,"column":58}},"locations":[{"start":{"line":158,"column":53},"end":{"line":158,"column":58}}]},"44":{"type":"branch","line":159,"loc":{"start":{"line":159,"column":4},"end":{"line":162,"column":3}},"locations":[{"start":{"line":159,"column":4},"end":{"line":162,"column":3}}]},"45":{"type":"branch","line":169,"loc":{"start":{"line":169,"column":7},"end":{"line":177,"column":1}},"locations":[{"start":{"line":169,"column":7},"end":{"line":177,"column":1}}]},"46":{"type":"branch","line":173,"loc":{"start":{"line":173,"column":4},"end":{"line":176,"column":3}},"locations":[{"start":{"line":173,"column":4},"end":{"line":176,"column":3}}]}},"b":{"0":[39],"1":[35],"2":[5],"3":[34],"4":[29],"5":[24],"6":[20],"7":[5],"8":[19],"9":[22],"10":[2],"11":[20],"12":[13],"13":[7],"14":[6],"15":[1],"16":[19],"17":[1],"18":[18],"19":[17],"20":[0],"21":[18],"22":[23],"23":[20],"24":[3],"25":[20],"26":[17],"27":[23],"28":[20],"29":[3],"30":[20],"31":[13],"32":[3],"33":[1],"34":[3],"35":[0],"36":[2],"37":[1],"38":[2],"39":[12],"40":[10],"41":[1],"42":[8],"43":[2],"44":[1],"45":[2],"46":[1]},"fnMap":{"0":{"name":"isValidName","decl":{"start":{"line":10,"column":7},"end":{"line":16,"column":1}},"loc":{"start":{"line":10,"column":7},"end":{"line":16,"column":1}},"line":10},"1":{"name":"isValidEmail","decl":{"start":{"line":23,"column":7},"end":{"line":29,"column":1}},"loc":{"start":{"line":23,"column":7},"end":{"line":29,"column":1}},"line":23},"2":{"name":"isAdult","decl":{"start":{"line":36,"column":7},"end":{"line":63,"column":1}},"loc":{"start":{"line":36,"column":7},"end":{"line":63,"column":1}},"line":36},"3":{"name":"isValidCity","decl":{"start":{"line":70,"column":7},"end":{"line":76,"column":1}},"loc":{"start":{"line":70,"column":7},"end":{"line":76,"column":1}},"line":70},"4":{"name":"isValidPostalCode","decl":{"start":{"line":83,"column":7},"end":{"line":89,"column":1}},"loc":{"start":{"line":83,"column":7},"end":{"line":89,"column":1}},"line":83},"5":{"name":"validateForm","decl":{"start":{"line":96,"column":7},"end":{"line":129,"column":1}},"loc":{"start":{"line":96,"column":7},"end":{"line":129,"column":1}},"line":96},"6":{"name":"saveUserToLocalStorage","decl":{"start":{"line":136,"column":7},"end":{"line":150,"column":1}},"loc":{"start":{"line":136,"column":7},"end":{"line":150,"column":1}},"line":136},"7":{"name":"getUsersFromLocalStorage","decl":{"start":{"line":156,"column":7},"end":{"line":163,"column":1}},"loc":{"start":{"line":156,"column":7},"end":{"line":163,"column":1}},"line":156},"8":{"name":"clearUsersFromLocalStorage","decl":{"start":{"line":169,"column":7},"end":{"line":177,"column":1}},"loc":{"start":{"line":169,"column":7},"end":{"line":177,"column":1}},"line":169}},"f":{"0":39,"1":24,"2":22,"3":23,"4":23,"5":13,"6":12,"7":8,"8":2}}
}
